<?xml version="1.0" encoding="UTF-8"?>
<testng-results skipped="0" failed="0" ignored="0" total="1" passed="1">
  <reporter-output>
  </reporter-output>
  <suite name="Default suite" duration-ms="57970" started-at="2022-01-25T00:47:00 IST" finished-at="2022-01-25T00:47:58 IST">
    <groups>
    </groups>
    <test name="Default test" duration-ms="57970" started-at="2022-01-25T00:47:00 IST" finished-at="2022-01-25T00:47:58 IST">
      <class name="com.ttassesment.testcases.CompareProductPrice">
        <test-method status="PASS" signature="loadConfig()[pri:0, instance:com.ttassesment.testcases.CompareProductPrice@6ee52dcd]" name="loadConfig" is-config="true" duration-ms="13" started-at="2022-01-25T00:47:00 IST" finished-at="2022-01-25T00:47:00 IST">
          <reporter-output>
          </reporter-output>
        </test-method> <!-- loadConfig -->
        <test-method status="PASS" signature="setup()[pri:0, instance:com.ttassesment.testcases.CompareProductPrice@6ee52dcd]" name="setup" is-config="true" duration-ms="9607" started-at="2022-01-25T00:47:00 IST" finished-at="2022-01-25T00:47:10 IST">
          <reporter-output>
          </reporter-output>
        </test-method> <!-- setup -->
        <test-method status="PASS" signature="getPriceOnBothWebsite()[pri:0, instance:com.ttassesment.testcases.CompareProductPrice@6ee52dcd]" name="getPriceOnBothWebsite" duration-ms="47356" started-at="2022-01-25T00:47:10 IST" finished-at="2022-01-25T00:47:57 IST">
          <reporter-output>
          </reporter-output>
        </test-method> <!-- getPriceOnBothWebsite -->
        <test-method status="PASS" signature="tearDown()[pri:0, instance:com.ttassesment.testcases.CompareProductPrice@6ee52dcd]" name="tearDown" is-config="true" duration-ms="948" started-at="2022-01-25T00:47:57 IST" finished-at="2022-01-25T00:47:58 IST">
          <reporter-output>
          </reporter-output>
        </test-method> <!-- tearDown -->
      </class> <!-- com.ttassesment.testcases.CompareProductPrice -->
    </test> <!-- Default test -->
  </suite> <!-- Default suite -->
</testng-results>
